<?xml version="1.0" encoding="UTF-8"?>
<coverage generated="1765443251922" clover="3.2.0">
  <project timestamp="1765443251922" name="All files">
    <metrics statements="192" coveredstatements="171" conditionals="99" coveredconditionals="70" methods="31" coveredmethods="28" elements="322" coveredelements="269" complexity="0" loc="192" ncloc="192" packages="6" files="10" classes="10"/>
    <package name="src">
      <metrics statements="16" coveredstatements="14" conditionals="4" coveredconditionals="0" methods="1" coveredmethods="0"/>
      <file name="app.js" path="/home/runner/work/expressBookReviews/expressBookReviews/final_project/src/app.js">
        <metrics statements="16" coveredstatements="14" conditionals="4" coveredconditionals="0" methods="1" coveredmethods="0"/>
        <line num="6" count="3" type="stmt"/>
        <line num="7" count="3" type="stmt"/>
        <line num="8" count="3" type="stmt"/>
        <line num="9" count="3" type="stmt"/>
        <line num="10" count="3" type="stmt"/>
        <line num="11" count="3" type="stmt"/>
        <line num="13" count="3" type="stmt"/>
        <line num="16" count="3" type="stmt"/>
        <line num="19" count="3" type="stmt"/>
        <line num="26" count="3" type="stmt"/>
        <line num="29" count="3" type="stmt"/>
        <line num="30" count="3" type="stmt"/>
        <line num="33" count="3" type="stmt"/>
        <line num="34" count="0" type="stmt"/>
        <line num="35" count="0" type="cond" truecount="0" falsecount="2"/>
        <line num="40" count="3" type="stmt"/>
      </file>
    </package>
    <package name="src.config">
      <metrics statements="1" coveredstatements="1" conditionals="6" coveredconditionals="6" methods="0" coveredmethods="0"/>
      <file name="constants.js" path="/home/runner/work/expressBookReviews/expressBookReviews/final_project/src/config/constants.js">
        <metrics statements="1" coveredstatements="1" conditionals="6" coveredconditionals="6" methods="0" coveredmethods="0"/>
        <line num="5" count="3" type="stmt"/>
      </file>
    </package>
    <package name="src.controllers">
      <metrics statements="93" coveredstatements="81" conditionals="48" coveredconditionals="34" methods="10" coveredmethods="10"/>
      <file name="authController.js" path="/home/runner/work/expressBookReviews/expressBookReviews/final_project/src/controllers/authController.js">
        <metrics statements="25" coveredstatements="23" conditionals="16" coveredconditionals="14" methods="2" coveredmethods="2"/>
        <line num="6" count="3" type="stmt"/>
        <line num="7" count="3" type="stmt"/>
        <line num="8" count="3" type="stmt"/>
        <line num="15" count="3" type="stmt"/>
        <line num="16" count="10" type="stmt"/>
        <line num="17" count="10" type="cond" truecount="1" falsecount="1"/>
        <line num="20" count="10" type="cond" truecount="4" falsecount="0"/>
        <line num="21" count="2" type="stmt"/>
        <line num="27" count="8" type="stmt"/>
        <line num="29" count="8" type="cond" truecount="2" falsecount="0"/>
        <line num="30" count="4" type="stmt"/>
        <line num="35" count="4" type="stmt"/>
        <line num="39" count="0" type="stmt"/>
        <line num="50" count="3" type="stmt"/>
        <line num="51" count="5" type="stmt"/>
        <line num="52" count="5" type="cond" truecount="1" falsecount="1"/>
        <line num="55" count="5" type="cond" truecount="4" falsecount="0"/>
        <line num="56" count="2" type="stmt"/>
        <line num="62" count="3" type="cond" truecount="2" falsecount="0"/>
        <line num="63" count="1" type="stmt"/>
        <line num="69" count="2" type="stmt"/>
        <line num="76" count="2" type="stmt"/>
        <line num="78" count="2" type="stmt"/>
        <line num="84" count="0" type="stmt"/>
        <line num="90" count="3" type="stmt"/>
      </file>
      <file name="booksController.js" path="/home/runner/work/expressBookReviews/expressBookReviews/final_project/src/controllers/booksController.js">
        <metrics statements="32" coveredstatements="28" conditionals="11" coveredconditionals="3" methods="6" coveredmethods="6"/>
        <line num="11" count="3" type="stmt"/>
        <line num="14" count="7" type="cond" truecount="1" falsecount="0"/>
        <line num="21" count="3" type="stmt"/>
        <line num="22" count="1" type="stmt"/>
        <line num="24" count="1" type="stmt"/>
        <line num="25" count="1" type="stmt"/>
        <line num="26" count="1" type="stmt"/>
        <line num="28" count="0" type="stmt"/>
        <line num="39" count="3" type="stmt"/>
        <line num="40" count="2" type="stmt"/>
        <line num="41" count="2" type="stmt"/>
        <line num="44" count="2" type="stmt"/>
        <line num="45" count="2" type="stmt"/>
        <line num="47" count="2" type="cond" truecount="2" falsecount="0"/>
        <line num="48" count="1" type="stmt"/>
        <line num="53" count="1" type="stmt"/>
        <line num="55" count="0" type="stmt"/>
        <line num="66" count="3" type="stmt"/>
        <line num="67" count="2" type="stmt"/>
        <line num="68" count="2" type="stmt"/>
        <line num="71" count="2" type="stmt"/>
        <line num="72" count="2" type="stmt"/>
        <line num="74" count="2" type="stmt"/>
        <line num="76" count="0" type="stmt"/>
        <line num="87" count="3" type="stmt"/>
        <line num="88" count="2" type="stmt"/>
        <line num="89" count="2" type="stmt"/>
        <line num="92" count="2" type="stmt"/>
        <line num="93" count="2" type="stmt"/>
        <line num="95" count="2" type="stmt"/>
        <line num="97" count="0" type="stmt"/>
        <line num="103" count="3" type="stmt"/>
      </file>
      <file name="reviewsController.js" path="/home/runner/work/expressBookReviews/expressBookReviews/final_project/src/controllers/reviewsController.js">
        <metrics statements="36" coveredstatements="30" conditionals="21" coveredconditionals="17" methods="2" coveredmethods="2"/>
        <line num="11" count="3" type="stmt"/>
        <line num="18" count="3" type="stmt"/>
        <line num="19" count="9" type="stmt"/>
        <line num="20" count="9" type="stmt"/>
        <line num="21" count="9" type="cond" truecount="3" falsecount="0"/>
        <line num="24" count="9" type="stmt"/>
        <line num="26" count="9" type="cond" truecount="1" falsecount="1"/>
        <line num="27" count="0" type="stmt"/>
        <line num="33" count="9" type="cond" truecount="2" falsecount="0"/>
        <line num="34" count="1" type="stmt"/>
        <line num="40" count="8" type="stmt"/>
        <line num="41" count="8" type="cond" truecount="2" falsecount="0"/>
        <line num="42" count="1" type="stmt"/>
        <line num="48" count="7" type="stmt"/>
        <line num="51" count="7" type="stmt"/>
        <line num="53" count="7" type="cond" truecount="1" falsecount="1"/>
        <line num="54" count="0" type="stmt"/>
        <line num="59" count="7" type="stmt"/>
        <line num="66" count="0" type="stmt"/>
        <line num="77" count="3" type="stmt"/>
        <line num="78" count="3" type="stmt"/>
        <line num="79" count="3" type="stmt"/>
        <line num="82" count="3" type="stmt"/>
        <line num="84" count="3" type="cond" truecount="1" falsecount="1"/>
        <line num="85" count="0" type="stmt"/>
        <line num="91" count="3" type="stmt"/>
        <line num="92" count="3" type="cond" truecount="2" falsecount="0"/>
        <line num="93" count="1" type="stmt"/>
        <line num="99" count="2" type="cond" truecount="2" falsecount="0"/>
        <line num="100" count="1" type="stmt"/>
        <line num="106" count="1" type="stmt"/>
        <line num="108" count="1" type="cond" truecount="1" falsecount="1"/>
        <line num="109" count="0" type="stmt"/>
        <line num="114" count="1" type="stmt"/>
        <line num="120" count="0" type="stmt"/>
        <line num="126" count="3" type="stmt"/>
      </file>
    </package>
    <package name="src.middleware">
      <metrics statements="16" coveredstatements="14" conditionals="8" coveredconditionals="7" methods="2" coveredmethods="2"/>
      <file name="authMiddleware.js" path="/home/runner/work/expressBookReviews/expressBookReviews/final_project/src/middleware/authMiddleware.js">
        <metrics statements="16" coveredstatements="14" conditionals="8" coveredconditionals="7" methods="2" coveredmethods="2"/>
        <line num="6" count="3" type="stmt"/>
        <line num="7" count="3" type="stmt"/>
        <line num="15" count="3" type="stmt"/>
        <line num="16" count="14" type="stmt"/>
        <line num="18" count="14" type="cond" truecount="2" falsecount="0"/>
        <line num="19" count="14" type="cond" truecount="2" falsecount="0"/>
        <line num="21" count="14" type="cond" truecount="2" falsecount="0"/>
        <line num="22" count="2" type="stmt"/>
        <line num="28" count="12" type="stmt"/>
        <line num="29" count="12" type="cond" truecount="1" falsecount="1"/>
        <line num="30" count="0" type="stmt"/>
        <line num="36" count="12" type="stmt"/>
        <line num="37" count="12" type="stmt"/>
        <line num="38" count="12" type="stmt"/>
        <line num="41" count="0" type="stmt"/>
        <line num="47" count="3" type="stmt"/>
      </file>
    </package>
    <package name="src.models">
      <metrics statements="48" coveredstatements="43" conditionals="33" coveredconditionals="23" methods="18" coveredmethods="16"/>
      <file name="booksModel.js" path="/home/runner/work/expressBookReviews/expressBookReviews/final_project/src/models/booksModel.js">
        <metrics statements="33" coveredstatements="30" conditionals="22" coveredconditionals="15" methods="11" coveredmethods="11"/>
        <line num="7" count="3" type="stmt"/>
        <line num="64" count="3" type="stmt"/>
        <line num="65" count="1" type="stmt"/>
        <line num="73" count="3" type="stmt"/>
        <line num="74" count="13" type="cond" truecount="2" falsecount="0"/>
        <line num="82" count="3" type="stmt"/>
        <line num="83" count="2" type="cond" truecount="1" falsecount="1"/>
        <line num="84" count="2" type="stmt"/>
        <line num="85" count="20" type="stmt"/>
        <line num="86" count="20" type="cond" truecount="1" falsecount="1"/>
        <line num="94" count="3" type="stmt"/>
        <line num="95" count="2" type="cond" truecount="1" falsecount="1"/>
        <line num="96" count="2" type="stmt"/>
        <line num="97" count="20" type="stmt"/>
        <line num="98" count="20" type="cond" truecount="1" falsecount="1"/>
        <line num="108" count="3" type="stmt"/>
        <line num="109" count="7" type="stmt"/>
        <line num="110" count="7" type="cond" truecount="1" falsecount="1"/>
        <line num="111" count="0" type="stmt"/>
        <line num="114" count="7" type="cond" truecount="1" falsecount="1"/>
        <line num="115" count="0" type="stmt"/>
        <line num="118" count="7" type="stmt"/>
        <line num="119" count="7" type="stmt"/>
        <line num="128" count="3" type="stmt"/>
        <line num="129" count="1" type="stmt"/>
        <line num="130" count="1" type="cond" truecount="4" falsecount="1"/>
        <line num="131" count="0" type="stmt"/>
        <line num="134" count="1" type="stmt"/>
        <line num="135" count="1" type="stmt"/>
        <line num="144" count="3" type="stmt"/>
        <line num="145" count="9" type="stmt"/>
        <line num="146" count="9" type="cond" truecount="3" falsecount="0"/>
        <line num="149" count="3" type="stmt"/>
      </file>
      <file name="usersModel.js" path="/home/runner/work/expressBookReviews/expressBookReviews/final_project/src/models/usersModel.js">
        <metrics statements="15" coveredstatements="13" conditionals="11" coveredconditionals="8" methods="7" coveredmethods="5"/>
        <line num="8" count="3" type="stmt"/>
        <line num="15" count="3" type="stmt"/>
        <line num="16" count="8" type="cond" truecount="1" falsecount="1"/>
        <line num="17" count="0" type="stmt"/>
        <line num="19" count="14" type="stmt"/>
        <line num="28" count="3" type="stmt"/>
        <line num="29" count="7" type="cond" truecount="2" falsecount="0"/>
        <line num="38" count="3" type="stmt"/>
        <line num="39" count="8" type="cond" truecount="5" falsecount="0"/>
        <line num="40" count="4" type="stmt"/>
        <line num="44" count="4" type="stmt"/>
        <line num="45" count="4" type="stmt"/>
        <line num="53" count="3" type="stmt"/>
        <line num="54" count="0" type="cond" truecount="0" falsecount="2"/>
        <line num="57" count="3" type="stmt"/>
      </file>
    </package>
    <package name="src.routes">
      <metrics statements="18" coveredstatements="18" conditionals="0" coveredconditionals="0" methods="0" coveredmethods="0"/>
      <file name="authRoutes.js" path="/home/runner/work/expressBookReviews/expressBookReviews/final_project/src/routes/authRoutes.js">
        <metrics statements="8" coveredstatements="8" conditionals="0" coveredconditionals="0" methods="0" coveredmethods="0"/>
        <line num="6" count="3" type="stmt"/>
        <line num="7" count="3" type="stmt"/>
        <line num="8" count="3" type="stmt"/>
        <line num="10" count="3" type="stmt"/>
        <line num="16" count="3" type="stmt"/>
        <line num="22" count="3" type="stmt"/>
        <line num="28" count="3" type="stmt"/>
        <line num="30" count="3" type="stmt"/>
      </file>
      <file name="publicRoutes.js" path="/home/runner/work/expressBookReviews/expressBookReviews/final_project/src/routes/publicRoutes.js">
        <metrics statements="10" coveredstatements="10" conditionals="0" coveredconditionals="0" methods="0" coveredmethods="0"/>
        <line num="6" count="3" type="stmt"/>
        <line num="7" count="3" type="stmt"/>
        <line num="13" count="3" type="stmt"/>
        <line num="15" count="3" type="stmt"/>
        <line num="21" count="3" type="stmt"/>
        <line num="27" count="3" type="stmt"/>
        <line num="33" count="3" type="stmt"/>
        <line num="39" count="3" type="stmt"/>
        <line num="45" count="3" type="stmt"/>
        <line num="47" count="3" type="stmt"/>
      </file>
    </package>
  </project>
</coverage>
