{"/home/runner/work/expressBookReviews/expressBookReviews/final_project/src/app.js": {"path":"/home/runner/work/expressBookReviews/expressBookReviews/final_project/src/app.js","statementMap":{"0":{"start":{"line":6,"column":16},"end":{"line":6,"column":34}},"1":{"start":{"line":7,"column":16},"end":{"line":7,"column":42}},"2":{"start":{"line":8,"column":77},"end":{"line":8,"column":106}},"3":{"start":{"line":9,"column":24},"end":{"line":9,"column":62}},"4":{"start":{"line":10,"column":19},"end":{"line":10,"column":49}},"5":{"start":{"line":11,"column":21},"end":{"line":11,"column":53}},"6":{"start":{"line":13,"column":12},"end":{"line":13,"column":21}},"7":{"start":{"line":16,"column":0},"end":{"line":16,"column":24}},"8":{"start":{"line":19,"column":0},"end":{"line":23,"column":4}},"9":{"start":{"line":26,"column":0},"end":{"line":26,"column":41}},"10":{"start":{"line":29,"column":0},"end":{"line":29,"column":33}},"11":{"start":{"line":30,"column":0},"end":{"line":30,"column":27}},"12":{"start":{"line":33,"column":0},"end":{"line":38,"column":3}},"13":{"start":{"line":34,"column":2},"end":{"line":34,"column":31}},"14":{"start":{"line":35,"column":2},"end":{"line":37,"column":5}},"15":{"start":{"line":40,"column":0},"end":{"line":40,"column":21}}},"fnMap":{"0":{"name":"(anonymous_0)","decl":{"start":{"line":33,"column":8},"end":{"line":33,"column":9}},"loc":{"start":{"line":33,"column":33},"end":{"line":38,"column":1}},"line":33}},"branchMap":{"0":{"loc":{"start":{"line":35,"column":13},"end":{"line":35,"column":30}},"type":"binary-expr","locations":[{"start":{"line":35,"column":13},"end":{"line":35,"column":23}},{"start":{"line":35,"column":27},"end":{"line":35,"column":30}}],"line":35},"1":{"loc":{"start":{"line":36,"column":13},"end":{"line":36,"column":51}},"type":"binary-expr","locations":[{"start":{"line":36,"column":13},"end":{"line":36,"column":24}},{"start":{"line":36,"column":28},"end":{"line":36,"column":51}}],"line":36}},"s":{"0":3,"1":3,"2":3,"3":3,"4":3,"5":3,"6":3,"7":3,"8":3,"9":3,"10":3,"11":3,"12":3,"13":0,"14":0,"15":3},"f":{"0":0},"b":{"0":[0,0],"1":[0,0]},"_coverageSchema":"1a1c01bbd47fc00a2c39e90264f33305004495a9","hash":"e01b495de0dc399e219b767153e9019f486eea7b"}
,"/home/runner/work/expressBookReviews/expressBookReviews/final_project/src/config/constants.js": {"path":"/home/runner/work/expressBookReviews/expressBookReviews/final_project/src/config/constants.js","statementMap":{"0":{"start":{"line":5,"column":0},"end":{"line":17,"column":2}}},"fnMap":{},"branchMap":{"0":{"loc":{"start":{"line":7,"column":8},"end":{"line":7,"column":32}},"type":"binary-expr","locations":[{"start":{"line":7,"column":8},"end":{"line":7,"column":24}},{"start":{"line":7,"column":28},"end":{"line":7,"column":32}}],"line":7},"1":{"loc":{"start":{"line":10,"column":14},"end":{"line":10,"column":48}},"type":"binary-expr","locations":[{"start":{"line":10,"column":14},"end":{"line":10,"column":36}},{"start":{"line":10,"column":40},"end":{"line":10,"column":48}}],"line":10},"2":{"loc":{"start":{"line":14,"column":18},"end":{"line":14,"column":70}},"type":"binary-expr","locations":[{"start":{"line":14,"column":18},"end":{"line":14,"column":44}},{"start":{"line":14,"column":48},"end":{"line":14,"column":70}}],"line":14}},"s":{"0":3},"f":{},"b":{"0":[3,3],"1":[3,3],"2":[3,3]},"_coverageSchema":"1a1c01bbd47fc00a2c39e90264f33305004495a9","hash":"0f84d3fc31c30c609f99834106c37fb5d078fd57"}
,"/home/runner/work/expressBookReviews/expressBookReviews/final_project/src/controllers/authController.js": {"path":"/home/runner/work/expressBookReviews/expressBookReviews/final_project/src/controllers/authController.js","statementMap":{"0":{"start":{"line":6,"column":12},"end":{"line":6,"column":35}},"1":{"start":{"line":7,"column":46},"end":{"line":7,"column":77}},"2":{"start":{"line":8,"column":35},"end":{"line":8,"column":65}},"3":{"start":{"line":15,"column":17},"end":{"line":43,"column":1}},"4":{"start":{"line":16,"column":2},"end":{"line":42,"column":3}},"5":{"start":{"line":17,"column":35},"end":{"line":17,"column":49}},"6":{"start":{"line":20,"column":4},"end":{"line":24,"column":5}},"7":{"start":{"line":21,"column":6},"end":{"line":23,"column":9}},"8":{"start":{"line":27,"column":20},"end":{"line":27,"column":52}},"9":{"start":{"line":29,"column":4},"end":{"line":33,"column":5}},"10":{"start":{"line":30,"column":6},"end":{"line":32,"column":9}},"11":{"start":{"line":35,"column":4},"end":{"line":37,"column":7}},"12":{"start":{"line":39,"column":4},"end":{"line":41,"column":7}},"13":{"start":{"line":50,"column":14},"end":{"line":88,"column":1}},"14":{"start":{"line":51,"column":2},"end":{"line":87,"column":3}},"15":{"start":{"line":52,"column":35},"end":{"line":52,"column":49}},"16":{"start":{"line":55,"column":4},"end":{"line":59,"column":5}},"17":{"start":{"line":56,"column":6},"end":{"line":58,"column":9}},"18":{"start":{"line":62,"column":4},"end":{"line":66,"column":5}},"19":{"start":{"line":63,"column":6},"end":{"line":65,"column":9}},"20":{"start":{"line":69,"column":24},"end":{"line":73,"column":5}},"21":{"start":{"line":76,"column":4},"end":{"line":76,"column":58}},"22":{"start":{"line":78,"column":4},"end":{"line":82,"column":7}},"23":{"start":{"line":84,"column":4},"end":{"line":86,"column":7}},"24":{"start":{"line":90,"column":0},"end":{"line":93,"column":2}}},"fnMap":{"0":{"name":"(anonymous_0)","decl":{"start":{"line":15,"column":17},"end":{"line":15,"column":18}},"loc":{"start":{"line":15,"column":31},"end":{"line":43,"column":1}},"line":15},"1":{"name":"(anonymous_1)","decl":{"start":{"line":50,"column":14},"end":{"line":50,"column":15}},"loc":{"start":{"line":50,"column":28},"end":{"line":88,"column":1}},"line":50}},"branchMap":{"0":{"loc":{"start":{"line":17,"column":35},"end":{"line":17,"column":49}},"type":"binary-expr","locations":[{"start":{"line":17,"column":35},"end":{"line":17,"column":43}},{"start":{"line":17,"column":47},"end":{"line":17,"column":49}}],"line":17},"1":{"loc":{"start":{"line":20,"column":4},"end":{"line":24,"column":5}},"type":"if","locations":[{"start":{"line":20,"column":4},"end":{"line":24,"column":5}},{"start":{},"end":{}}],"line":20},"2":{"loc":{"start":{"line":20,"column":8},"end":{"line":20,"column":30}},"type":"binary-expr","locations":[{"start":{"line":20,"column":8},"end":{"line":20,"column":17}},{"start":{"line":20,"column":21},"end":{"line":20,"column":30}}],"line":20},"3":{"loc":{"start":{"line":29,"column":4},"end":{"line":33,"column":5}},"type":"if","locations":[{"start":{"line":29,"column":4},"end":{"line":33,"column":5}},{"start":{},"end":{}}],"line":29},"4":{"loc":{"start":{"line":52,"column":35},"end":{"line":52,"column":49}},"type":"binary-expr","locations":[{"start":{"line":52,"column":35},"end":{"line":52,"column":43}},{"start":{"line":52,"column":47},"end":{"line":52,"column":49}}],"line":52},"5":{"loc":{"start":{"line":55,"column":4},"end":{"line":59,"column":5}},"type":"if","locations":[{"start":{"line":55,"column":4},"end":{"line":59,"column":5}},{"start":{},"end":{}}],"line":55},"6":{"loc":{"start":{"line":55,"column":8},"end":{"line":55,"column":30}},"type":"binary-expr","locations":[{"start":{"line":55,"column":8},"end":{"line":55,"column":17}},{"start":{"line":55,"column":21},"end":{"line":55,"column":30}}],"line":55},"7":{"loc":{"start":{"line":62,"column":4},"end":{"line":66,"column":5}},"type":"if","locations":[{"start":{"line":62,"column":4},"end":{"line":66,"column":5}},{"start":{},"end":{}}],"line":62}},"s":{"0":3,"1":3,"2":3,"3":3,"4":10,"5":10,"6":10,"7":2,"8":8,"9":8,"10":4,"11":4,"12":0,"13":3,"14":5,"15":5,"16":5,"17":2,"18":3,"19":1,"20":2,"21":2,"22":2,"23":0,"24":3},"f":{"0":10,"1":5},"b":{"0":[10,0],"1":[2,8],"2":[10,9],"3":[4,4],"4":[5,0],"5":[2,3],"6":[5,4],"7":[1,2]},"_coverageSchema":"1a1c01bbd47fc00a2c39e90264f33305004495a9","hash":"1f47451bbdb342d432a95010c312d1564b143a60"}
,"/home/runner/work/expressBookReviews/expressBookReviews/final_project/src/controllers/booksController.js": {"path":"/home/runner/work/expressBookReviews/expressBookReviews/final_project/src/controllers/booksController.js","statementMap":{"0":{"start":{"line":11,"column":4},"end":{"line":11,"column":35}},"1":{"start":{"line":14,"column":14},"end":{"line":14,"column":74}},"2":{"start":{"line":14,"column":27},"end":{"line":14,"column":74}},"3":{"start":{"line":14,"column":50},"end":{"line":14,"column":73}},"4":{"start":{"line":21,"column":27},"end":{"line":32,"column":1}},"5":{"start":{"line":22,"column":2},"end":{"line":31,"column":3}},"6":{"start":{"line":24,"column":4},"end":{"line":24,"column":18}},"7":{"start":{"line":25,"column":18},"end":{"line":25,"column":31}},"8":{"start":{"line":26,"column":4},"end":{"line":26,"column":64}},"9":{"start":{"line":28,"column":4},"end":{"line":30,"column":7}},"10":{"start":{"line":39,"column":29},"end":{"line":59,"column":1}},"11":{"start":{"line":40,"column":2},"end":{"line":58,"column":3}},"12":{"start":{"line":41,"column":21},"end":{"line":41,"column":31}},"13":{"start":{"line":44,"column":4},"end":{"line":44,"column":18}},"14":{"start":{"line":45,"column":17},"end":{"line":45,"column":36}},"15":{"start":{"line":47,"column":4},"end":{"line":51,"column":5}},"16":{"start":{"line":48,"column":6},"end":{"line":50,"column":9}},"17":{"start":{"line":53,"column":4},"end":{"line":53,"column":38}},"18":{"start":{"line":55,"column":4},"end":{"line":57,"column":7}},"19":{"start":{"line":66,"column":32},"end":{"line":80,"column":1}},"20":{"start":{"line":67,"column":2},"end":{"line":79,"column":3}},"21":{"start":{"line":68,"column":23},"end":{"line":68,"column":33}},"22":{"start":{"line":71,"column":4},"end":{"line":71,"column":18}},"23":{"start":{"line":72,"column":18},"end":{"line":72,"column":42}},"24":{"start":{"line":74,"column":4},"end":{"line":74,"column":39}},"25":{"start":{"line":76,"column":4},"end":{"line":78,"column":7}},"26":{"start":{"line":87,"column":31},"end":{"line":101,"column":1}},"27":{"start":{"line":88,"column":2},"end":{"line":100,"column":3}},"28":{"start":{"line":89,"column":22},"end":{"line":89,"column":32}},"29":{"start":{"line":92,"column":4},"end":{"line":92,"column":18}},"30":{"start":{"line":93,"column":18},"end":{"line":93,"column":40}},"31":{"start":{"line":95,"column":4},"end":{"line":95,"column":39}},"32":{"start":{"line":97,"column":4},"end":{"line":99,"column":7}},"33":{"start":{"line":103,"column":0},"end":{"line":108,"column":2}}},"fnMap":{"0":{"name":"(anonymous_0)","decl":{"start":{"line":14,"column":14},"end":{"line":14,"column":15}},"loc":{"start":{"line":14,"column":27},"end":{"line":14,"column":74}},"line":14},"1":{"name":"(anonymous_1)","decl":{"start":{"line":14,"column":39},"end":{"line":14,"column":40}},"loc":{"start":{"line":14,"column":50},"end":{"line":14,"column":73}},"line":14},"2":{"name":"(anonymous_2)","decl":{"start":{"line":21,"column":27},"end":{"line":21,"column":28}},"loc":{"start":{"line":21,"column":47},"end":{"line":32,"column":1}},"line":21},"3":{"name":"(anonymous_3)","decl":{"start":{"line":39,"column":29},"end":{"line":39,"column":30}},"loc":{"start":{"line":39,"column":49},"end":{"line":59,"column":1}},"line":39},"4":{"name":"(anonymous_4)","decl":{"start":{"line":66,"column":32},"end":{"line":66,"column":33}},"loc":{"start":{"line":66,"column":52},"end":{"line":80,"column":1}},"line":66},"5":{"name":"(anonymous_5)","decl":{"start":{"line":87,"column":31},"end":{"line":87,"column":32}},"loc":{"start":{"line":87,"column":51},"end":{"line":101,"column":1}},"line":87}},"branchMap":{"0":{"loc":{"start":{"line":14,"column":15},"end":{"line":14,"column":22}},"type":"default-arg","locations":[{"start":{"line":14,"column":20},"end":{"line":14,"column":22}}],"line":14},"1":{"loc":{"start":{"line":29,"column":15},"end":{"line":29,"column":54}},"type":"binary-expr","locations":[{"start":{"line":29,"column":15},"end":{"line":29,"column":28}},{"start":{"line":29,"column":32},"end":{"line":29,"column":54}}],"line":29},"2":{"loc":{"start":{"line":47,"column":4},"end":{"line":51,"column":5}},"type":"if","locations":[{"start":{"line":47,"column":4},"end":{"line":51,"column":5}},{"start":{},"end":{}}],"line":47},"3":{"loc":{"start":{"line":56,"column":15},"end":{"line":56,"column":53}},"type":"binary-expr","locations":[{"start":{"line":56,"column":15},"end":{"line":56,"column":28}},{"start":{"line":56,"column":32},"end":{"line":56,"column":53}}],"line":56},"4":{"loc":{"start":{"line":77,"column":15},"end":{"line":77,"column":64}},"type":"binary-expr","locations":[{"start":{"line":77,"column":15},"end":{"line":77,"column":28}},{"start":{"line":77,"column":32},"end":{"line":77,"column":64}}],"line":77},"5":{"loc":{"start":{"line":98,"column":15},"end":{"line":98,"column":63}},"type":"binary-expr","locations":[{"start":{"line":98,"column":15},"end":{"line":98,"column":28}},{"start":{"line":98,"column":32},"end":{"line":98,"column":63}}],"line":98}},"s":{"0":3,"1":3,"2":7,"3":7,"4":3,"5":1,"6":1,"7":1,"8":1,"9":0,"10":3,"11":2,"12":2,"13":2,"14":2,"15":2,"16":1,"17":1,"18":0,"19":3,"20":2,"21":2,"22":2,"23":2,"24":2,"25":0,"26":3,"27":2,"28":2,"29":2,"30":2,"31":2,"32":0,"33":3},"f":{"0":7,"1":7,"2":1,"3":2,"4":2,"5":2},"b":{"0":[7],"1":[0,0],"2":[1,1],"3":[0,0],"4":[0,0],"5":[0,0]},"_coverageSchema":"1a1c01bbd47fc00a2c39e90264f33305004495a9","hash":"8209e7781f2afa704f7648f8c9c4988fa6cc6efb"}
,"/home/runner/work/expressBookReviews/expressBookReviews/final_project/src/controllers/reviewsController.js": {"path":"/home/runner/work/expressBookReviews/expressBookReviews/final_project/src/controllers/reviewsController.js","statementMap":{"0":{"start":{"line":11,"column":4},"end":{"line":11,"column":35}},"1":{"start":{"line":18,"column":33},"end":{"line":70,"column":1}},"2":{"start":{"line":19,"column":2},"end":{"line":69,"column":3}},"3":{"start":{"line":20,"column":21},"end":{"line":20,"column":31}},"4":{"start":{"line":21,"column":19},"end":{"line":21,"column":56}},"5":{"start":{"line":24,"column":21},"end":{"line":24,"column":33}},"6":{"start":{"line":26,"column":4},"end":{"line":30,"column":5}},"7":{"start":{"line":27,"column":6},"end":{"line":29,"column":9}},"8":{"start":{"line":33,"column":4},"end":{"line":37,"column":5}},"9":{"start":{"line":34,"column":6},"end":{"line":36,"column":9}},"10":{"start":{"line":40,"column":17},"end":{"line":40,"column":36}},"11":{"start":{"line":41,"column":4},"end":{"line":45,"column":5}},"12":{"start":{"line":42,"column":6},"end":{"line":44,"column":9}},"13":{"start":{"line":48,"column":21},"end":{"line":48,"column":49}},"14":{"start":{"line":51,"column":20},"end":{"line":51,"column":61}},"15":{"start":{"line":53,"column":4},"end":{"line":57,"column":5}},"16":{"start":{"line":54,"column":6},"end":{"line":56,"column":9}},"17":{"start":{"line":59,"column":4},"end":{"line":64,"column":7}},"18":{"start":{"line":66,"column":4},"end":{"line":68,"column":7}},"19":{"start":{"line":77,"column":28},"end":{"line":124,"column":1}},"20":{"start":{"line":78,"column":2},"end":{"line":123,"column":3}},"21":{"start":{"line":79,"column":21},"end":{"line":79,"column":31}},"22":{"start":{"line":82,"column":21},"end":{"line":82,"column":33}},"23":{"start":{"line":84,"column":4},"end":{"line":88,"column":5}},"24":{"start":{"line":85,"column":6},"end":{"line":87,"column":9}},"25":{"start":{"line":91,"column":17},"end":{"line":91,"column":36}},"26":{"start":{"line":92,"column":4},"end":{"line":96,"column":5}},"27":{"start":{"line":93,"column":6},"end":{"line":95,"column":9}},"28":{"start":{"line":99,"column":4},"end":{"line":103,"column":5}},"29":{"start":{"line":100,"column":6},"end":{"line":102,"column":9}},"30":{"start":{"line":106,"column":20},"end":{"line":106,"column":48}},"31":{"start":{"line":108,"column":4},"end":{"line":112,"column":5}},"32":{"start":{"line":109,"column":6},"end":{"line":111,"column":9}},"33":{"start":{"line":114,"column":4},"end":{"line":118,"column":7}},"34":{"start":{"line":120,"column":4},"end":{"line":122,"column":7}},"35":{"start":{"line":126,"column":0},"end":{"line":129,"column":2}}},"fnMap":{"0":{"name":"(anonymous_0)","decl":{"start":{"line":18,"column":33},"end":{"line":18,"column":34}},"loc":{"start":{"line":18,"column":47},"end":{"line":70,"column":1}},"line":18},"1":{"name":"(anonymous_1)","decl":{"start":{"line":77,"column":28},"end":{"line":77,"column":29}},"loc":{"start":{"line":77,"column":42},"end":{"line":124,"column":1}},"line":77}},"branchMap":{"0":{"loc":{"start":{"line":21,"column":19},"end":{"line":21,"column":56}},"type":"binary-expr","locations":[{"start":{"line":21,"column":20},"end":{"line":21,"column":29}},{"start":{"line":21,"column":33},"end":{"line":21,"column":49}},{"start":{"line":21,"column":54},"end":{"line":21,"column":56}}],"line":21},"1":{"loc":{"start":{"line":26,"column":4},"end":{"line":30,"column":5}},"type":"if","locations":[{"start":{"line":26,"column":4},"end":{"line":30,"column":5}},{"start":{},"end":{}}],"line":26},"2":{"loc":{"start":{"line":33,"column":4},"end":{"line":37,"column":5}},"type":"if","locations":[{"start":{"line":33,"column":4},"end":{"line":37,"column":5}},{"start":{},"end":{}}],"line":33},"3":{"loc":{"start":{"line":41,"column":4},"end":{"line":45,"column":5}},"type":"if","locations":[{"start":{"line":41,"column":4},"end":{"line":45,"column":5}},{"start":{},"end":{}}],"line":41},"4":{"loc":{"start":{"line":53,"column":4},"end":{"line":57,"column":5}},"type":"if","locations":[{"start":{"line":53,"column":4},"end":{"line":57,"column":5}},{"start":{},"end":{}}],"line":53},"5":{"loc":{"start":{"line":60,"column":15},"end":{"line":60,"column":86}},"type":"cond-expr","locations":[{"start":{"line":60,"column":26},"end":{"line":60,"column":56}},{"start":{"line":60,"column":59},"end":{"line":60,"column":86}}],"line":60},"6":{"loc":{"start":{"line":84,"column":4},"end":{"line":88,"column":5}},"type":"if","locations":[{"start":{"line":84,"column":4},"end":{"line":88,"column":5}},{"start":{},"end":{}}],"line":84},"7":{"loc":{"start":{"line":92,"column":4},"end":{"line":96,"column":5}},"type":"if","locations":[{"start":{"line":92,"column":4},"end":{"line":96,"column":5}},{"start":{},"end":{}}],"line":92},"8":{"loc":{"start":{"line":99,"column":4},"end":{"line":103,"column":5}},"type":"if","locations":[{"start":{"line":99,"column":4},"end":{"line":103,"column":5}},{"start":{},"end":{}}],"line":99},"9":{"loc":{"start":{"line":108,"column":4},"end":{"line":112,"column":5}},"type":"if","locations":[{"start":{"line":108,"column":4},"end":{"line":112,"column":5}},{"start":{},"end":{}}],"line":108}},"s":{"0":3,"1":3,"2":9,"3":9,"4":9,"5":9,"6":9,"7":0,"8":9,"9":1,"10":8,"11":8,"12":1,"13":7,"14":7,"15":7,"16":0,"17":7,"18":0,"19":3,"20":3,"21":3,"22":3,"23":3,"24":0,"25":3,"26":3,"27":1,"28":2,"29":1,"30":1,"31":1,"32":0,"33":1,"34":0,"35":3},"f":{"0":9,"1":3},"b":{"0":[9,9,1],"1":[0,9],"2":[1,8],"3":[1,7],"4":[0,7],"5":[3,4],"6":[0,3],"7":[1,2],"8":[1,1],"9":[0,1]},"_coverageSchema":"1a1c01bbd47fc00a2c39e90264f33305004495a9","hash":"0fc70b80181ec2264787c056f39ceeb6fbb40882"}
,"/home/runner/work/expressBookReviews/expressBookReviews/final_project/src/middleware/authMiddleware.js": {"path":"/home/runner/work/expressBookReviews/expressBookReviews/final_project/src/middleware/authMiddleware.js","statementMap":{"0":{"start":{"line":6,"column":12},"end":{"line":6,"column":35}},"1":{"start":{"line":7,"column":23},"end":{"line":7,"column":53}},"2":{"start":{"line":15,"column":20},"end":{"line":45,"column":1}},"3":{"start":{"line":16,"column":2},"end":{"line":44,"column":3}},"4":{"start":{"line":18,"column":24},"end":{"line":18,"column":64}},"5":{"start":{"line":19,"column":18},"end":{"line":19,"column":56}},"6":{"start":{"line":21,"column":4},"end":{"line":25,"column":5}},"7":{"start":{"line":22,"column":6},"end":{"line":24,"column":9}},"8":{"start":{"line":28,"column":4},"end":{"line":39,"column":7}},"9":{"start":{"line":29,"column":6},"end":{"line":33,"column":7}},"10":{"start":{"line":30,"column":8},"end":{"line":32,"column":11}},"11":{"start":{"line":36,"column":6},"end":{"line":36,"column":25}},"12":{"start":{"line":37,"column":6},"end":{"line":37,"column":42}},"13":{"start":{"line":38,"column":6},"end":{"line":38,"column":20}},"14":{"start":{"line":41,"column":4},"end":{"line":43,"column":7}},"15":{"start":{"line":47,"column":0},"end":{"line":49,"column":2}}},"fnMap":{"0":{"name":"(anonymous_0)","decl":{"start":{"line":15,"column":20},"end":{"line":15,"column":21}},"loc":{"start":{"line":15,"column":40},"end":{"line":45,"column":1}},"line":15},"1":{"name":"(anonymous_1)","decl":{"start":{"line":28,"column":34},"end":{"line":28,"column":35}},"loc":{"start":{"line":28,"column":52},"end":{"line":39,"column":5}},"line":28}},"branchMap":{"0":{"loc":{"start":{"line":18,"column":24},"end":{"line":18,"column":64}},"type":"binary-expr","locations":[{"start":{"line":18,"column":24},"end":{"line":18,"column":35}},{"start":{"line":18,"column":39},"end":{"line":18,"column":64}}],"line":18},"1":{"loc":{"start":{"line":19,"column":18},"end":{"line":19,"column":56}},"type":"binary-expr","locations":[{"start":{"line":19,"column":18},"end":{"line":19,"column":29}},{"start":{"line":19,"column":33},"end":{"line":19,"column":56}}],"line":19},"2":{"loc":{"start":{"line":21,"column":4},"end":{"line":25,"column":5}},"type":"if","locations":[{"start":{"line":21,"column":4},"end":{"line":25,"column":5}},{"start":{},"end":{}}],"line":21},"3":{"loc":{"start":{"line":29,"column":6},"end":{"line":33,"column":7}},"type":"if","locations":[{"start":{"line":29,"column":6},"end":{"line":33,"column":7}},{"start":{},"end":{}}],"line":29}},"s":{"0":3,"1":3,"2":3,"3":14,"4":14,"5":14,"6":14,"7":2,"8":12,"9":12,"10":0,"11":12,"12":12,"13":12,"14":0,"15":3},"f":{"0":14,"1":12},"b":{"0":[14,14],"1":[14,12],"2":[2,12],"3":[0,12]},"_coverageSchema":"1a1c01bbd47fc00a2c39e90264f33305004495a9","hash":"1e899cee001eadff0fac01bdb941901ae9d5bb1b"}
,"/home/runner/work/expressBookReviews/expressBookReviews/final_project/src/models/booksModel.js": {"path":"/home/runner/work/expressBookReviews/expressBookReviews/final_project/src/models/booksModel.js","statementMap":{"0":{"start":{"line":7,"column":12},"end":{"line":58,"column":1}},"1":{"start":{"line":64,"column":20},"end":{"line":66,"column":1}},"2":{"start":{"line":65,"column":2},"end":{"line":65,"column":15}},"3":{"start":{"line":73,"column":22},"end":{"line":75,"column":1}},"4":{"start":{"line":74,"column":2},"end":{"line":74,"column":29}},"5":{"start":{"line":82,"column":25},"end":{"line":87,"column":1}},"6":{"start":{"line":83,"column":22},"end":{"line":83,"column":50}},"7":{"start":{"line":84,"column":2},"end":{"line":86,"column":71}},"8":{"start":{"line":85,"column":18},"end":{"line":85,"column":42}},"9":{"start":{"line":86,"column":20},"end":{"line":86,"column":69}},"10":{"start":{"line":94,"column":24},"end":{"line":99,"column":1}},"11":{"start":{"line":95,"column":21},"end":{"line":95,"column":48}},"12":{"start":{"line":96,"column":2},"end":{"line":98,"column":69}},"13":{"start":{"line":97,"column":18},"end":{"line":97,"column":42}},"14":{"start":{"line":98,"column":20},"end":{"line":98,"column":67}},"15":{"start":{"line":108,"column":26},"end":{"line":120,"column":1}},"16":{"start":{"line":109,"column":15},"end":{"line":109,"column":26}},"17":{"start":{"line":110,"column":2},"end":{"line":112,"column":3}},"18":{"start":{"line":111,"column":4},"end":{"line":111,"column":17}},"19":{"start":{"line":114,"column":2},"end":{"line":116,"column":3}},"20":{"start":{"line":115,"column":4},"end":{"line":115,"column":22}},"21":{"start":{"line":118,"column":2},"end":{"line":118,"column":34}},"22":{"start":{"line":119,"column":2},"end":{"line":119,"column":14}},"23":{"start":{"line":128,"column":21},"end":{"line":136,"column":1}},"24":{"start":{"line":129,"column":15},"end":{"line":129,"column":26}},"25":{"start":{"line":130,"column":2},"end":{"line":132,"column":3}},"26":{"start":{"line":131,"column":4},"end":{"line":131,"column":17}},"27":{"start":{"line":134,"column":2},"end":{"line":134,"column":32}},"28":{"start":{"line":135,"column":2},"end":{"line":135,"column":14}},"29":{"start":{"line":144,"column":21},"end":{"line":147,"column":1}},"30":{"start":{"line":145,"column":15},"end":{"line":145,"column":26}},"31":{"start":{"line":146,"column":2},"end":{"line":146,"column":62}},"32":{"start":{"line":149,"column":0},"end":{"line":157,"column":2}}},"fnMap":{"0":{"name":"(anonymous_0)","decl":{"start":{"line":64,"column":20},"end":{"line":64,"column":21}},"loc":{"start":{"line":64,"column":26},"end":{"line":66,"column":1}},"line":64},"1":{"name":"(anonymous_1)","decl":{"start":{"line":73,"column":22},"end":{"line":73,"column":23}},"loc":{"start":{"line":73,"column":32},"end":{"line":75,"column":1}},"line":73},"2":{"name":"(anonymous_2)","decl":{"start":{"line":82,"column":25},"end":{"line":82,"column":26}},"loc":{"start":{"line":82,"column":37},"end":{"line":87,"column":1}},"line":82},"3":{"name":"(anonymous_3)","decl":{"start":{"line":85,"column":9},"end":{"line":85,"column":10}},"loc":{"start":{"line":85,"column":18},"end":{"line":85,"column":42}},"line":85},"4":{"name":"(anonymous_4)","decl":{"start":{"line":86,"column":12},"end":{"line":86,"column":13}},"loc":{"start":{"line":86,"column":20},"end":{"line":86,"column":69}},"line":86},"5":{"name":"(anonymous_5)","decl":{"start":{"line":94,"column":24},"end":{"line":94,"column":25}},"loc":{"start":{"line":94,"column":35},"end":{"line":99,"column":1}},"line":94},"6":{"name":"(anonymous_6)","decl":{"start":{"line":97,"column":9},"end":{"line":97,"column":10}},"loc":{"start":{"line":97,"column":18},"end":{"line":97,"column":42}},"line":97},"7":{"name":"(anonymous_7)","decl":{"start":{"line":98,"column":12},"end":{"line":98,"column":13}},"loc":{"start":{"line":98,"column":20},"end":{"line":98,"column":67}},"line":98},"8":{"name":"(anonymous_8)","decl":{"start":{"line":108,"column":26},"end":{"line":108,"column":27}},"loc":{"start":{"line":108,"column":54},"end":{"line":120,"column":1}},"line":108},"9":{"name":"(anonymous_9)","decl":{"start":{"line":128,"column":21},"end":{"line":128,"column":22}},"loc":{"start":{"line":128,"column":41},"end":{"line":136,"column":1}},"line":128},"10":{"name":"(anonymous_10)","decl":{"start":{"line":144,"column":21},"end":{"line":144,"column":22}},"loc":{"start":{"line":144,"column":41},"end":{"line":147,"column":1}},"line":144}},"branchMap":{"0":{"loc":{"start":{"line":74,"column":9},"end":{"line":74,"column":28}},"type":"binary-expr","locations":[{"start":{"line":74,"column":9},"end":{"line":74,"column":20}},{"start":{"line":74,"column":24},"end":{"line":74,"column":28}}],"line":74},"1":{"loc":{"start":{"line":83,"column":23},"end":{"line":83,"column":35}},"type":"binary-expr","locations":[{"start":{"line":83,"column":23},"end":{"line":83,"column":29}},{"start":{"line":83,"column":33},"end":{"line":83,"column":35}}],"line":83},"2":{"loc":{"start":{"line":86,"column":21},"end":{"line":86,"column":38}},"type":"binary-expr","locations":[{"start":{"line":86,"column":21},"end":{"line":86,"column":32}},{"start":{"line":86,"column":36},"end":{"line":86,"column":38}}],"line":86},"3":{"loc":{"start":{"line":95,"column":22},"end":{"line":95,"column":33}},"type":"binary-expr","locations":[{"start":{"line":95,"column":22},"end":{"line":95,"column":27}},{"start":{"line":95,"column":31},"end":{"line":95,"column":33}}],"line":95},"4":{"loc":{"start":{"line":98,"column":21},"end":{"line":98,"column":37}},"type":"binary-expr","locations":[{"start":{"line":98,"column":21},"end":{"line":98,"column":31}},{"start":{"line":98,"column":35},"end":{"line":98,"column":37}}],"line":98},"5":{"loc":{"start":{"line":110,"column":2},"end":{"line":112,"column":3}},"type":"if","locations":[{"start":{"line":110,"column":2},"end":{"line":112,"column":3}},{"start":{},"end":{}}],"line":110},"6":{"loc":{"start":{"line":114,"column":2},"end":{"line":116,"column":3}},"type":"if","locations":[{"start":{"line":114,"column":2},"end":{"line":116,"column":3}},{"start":{},"end":{}}],"line":114},"7":{"loc":{"start":{"line":130,"column":2},"end":{"line":132,"column":3}},"type":"if","locations":[{"start":{"line":130,"column":2},"end":{"line":132,"column":3}},{"start":{},"end":{}}],"line":130},"8":{"loc":{"start":{"line":130,"column":6},"end":{"line":130,"column":59}},"type":"binary-expr","locations":[{"start":{"line":130,"column":6},"end":{"line":130,"column":11}},{"start":{"line":130,"column":15},"end":{"line":130,"column":28}},{"start":{"line":130,"column":32},"end":{"line":130,"column":59}}],"line":130},"9":{"loc":{"start":{"line":146,"column":12},"end":{"line":146,"column":60}},"type":"binary-expr","locations":[{"start":{"line":146,"column":12},"end":{"line":146,"column":16}},{"start":{"line":146,"column":20},"end":{"line":146,"column":32}},{"start":{"line":146,"column":36},"end":{"line":146,"column":60}}],"line":146}},"s":{"0":3,"1":3,"2":1,"3":3,"4":13,"5":3,"6":2,"7":2,"8":20,"9":20,"10":3,"11":2,"12":2,"13":20,"14":20,"15":3,"16":7,"17":7,"18":0,"19":7,"20":0,"21":7,"22":7,"23":3,"24":1,"25":1,"26":0,"27":1,"28":1,"29":3,"30":9,"31":9,"32":3},"f":{"0":1,"1":13,"2":2,"3":20,"4":20,"5":2,"6":20,"7":20,"8":7,"9":1,"10":9},"b":{"0":[13,3],"1":[2,0],"2":[20,0],"3":[2,0],"4":[20,0],"5":[0,7],"6":[0,7],"7":[0,1],"8":[1,1,1],"9":[9,9,9]},"_coverageSchema":"1a1c01bbd47fc00a2c39e90264f33305004495a9","hash":"cc92c1e6de93bd02d6ae2f2609ec782b50bc1201"}
,"/home/runner/work/expressBookReviews/expressBookReviews/final_project/src/models/usersModel.js": {"path":"/home/runner/work/expressBookReviews/expressBookReviews/final_project/src/models/usersModel.js","statementMap":{"0":{"start":{"line":8,"column":12},"end":{"line":8,"column":14}},"1":{"start":{"line":15,"column":28},"end":{"line":20,"column":1}},"2":{"start":{"line":16,"column":2},"end":{"line":18,"column":3}},"3":{"start":{"line":17,"column":4},"end":{"line":17,"column":17}},"4":{"start":{"line":19,"column":2},"end":{"line":19,"column":57}},"5":{"start":{"line":19,"column":29},"end":{"line":19,"column":55}},"6":{"start":{"line":28,"column":28},"end":{"line":30,"column":1}},"7":{"start":{"line":29,"column":2},"end":{"line":29,"column":88}},"8":{"start":{"line":29,"column":30},"end":{"line":29,"column":86}},"9":{"start":{"line":38,"column":21},"end":{"line":46,"column":1}},"10":{"start":{"line":39,"column":2},"end":{"line":41,"column":3}},"11":{"start":{"line":40,"column":4},"end":{"line":40,"column":17}},"12":{"start":{"line":44,"column":2},"end":{"line":44,"column":37}},"13":{"start":{"line":45,"column":2},"end":{"line":45,"column":14}},"14":{"start":{"line":53,"column":26},"end":{"line":55,"column":1}},"15":{"start":{"line":54,"column":2},"end":{"line":54,"column":64}},"16":{"start":{"line":54,"column":28},"end":{"line":54,"column":54}},"17":{"start":{"line":57,"column":0},"end":{"line":62,"column":2}}},"fnMap":{"0":{"name":"(anonymous_0)","decl":{"start":{"line":15,"column":28},"end":{"line":15,"column":29}},"loc":{"start":{"line":15,"column":42},"end":{"line":20,"column":1}},"line":15},"1":{"name":"(anonymous_1)","decl":{"start":{"line":19,"column":21},"end":{"line":19,"column":22}},"loc":{"start":{"line":19,"column":29},"end":{"line":19,"column":55}},"line":19},"2":{"name":"(anonymous_2)","decl":{"start":{"line":28,"column":28},"end":{"line":28,"column":29}},"loc":{"start":{"line":28,"column":52},"end":{"line":30,"column":1}},"line":28},"3":{"name":"(anonymous_3)","decl":{"start":{"line":29,"column":22},"end":{"line":29,"column":23}},"loc":{"start":{"line":29,"column":30},"end":{"line":29,"column":86}},"line":29},"4":{"name":"(anonymous_4)","decl":{"start":{"line":38,"column":21},"end":{"line":38,"column":22}},"loc":{"start":{"line":38,"column":45},"end":{"line":46,"column":1}},"line":38},"5":{"name":"(anonymous_5)","decl":{"start":{"line":53,"column":26},"end":{"line":53,"column":27}},"loc":{"start":{"line":53,"column":40},"end":{"line":55,"column":1}},"line":53},"6":{"name":"(anonymous_6)","decl":{"start":{"line":54,"column":20},"end":{"line":54,"column":21}},"loc":{"start":{"line":54,"column":28},"end":{"line":54,"column":54}},"line":54}},"branchMap":{"0":{"loc":{"start":{"line":16,"column":2},"end":{"line":18,"column":3}},"type":"if","locations":[{"start":{"line":16,"column":2},"end":{"line":18,"column":3}},{"start":{},"end":{}}],"line":16},"1":{"loc":{"start":{"line":29,"column":30},"end":{"line":29,"column":86}},"type":"binary-expr","locations":[{"start":{"line":29,"column":30},"end":{"line":29,"column":56}},{"start":{"line":29,"column":60},"end":{"line":29,"column":86}}],"line":29},"2":{"loc":{"start":{"line":39,"column":2},"end":{"line":41,"column":3}},"type":"if","locations":[{"start":{"line":39,"column":2},"end":{"line":41,"column":3}},{"start":{},"end":{}}],"line":39},"3":{"loc":{"start":{"line":39,"column":6},"end":{"line":39,"column":62}},"type":"binary-expr","locations":[{"start":{"line":39,"column":6},"end":{"line":39,"column":15}},{"start":{"line":39,"column":19},"end":{"line":39,"column":28}},{"start":{"line":39,"column":32},"end":{"line":39,"column":62}}],"line":39},"4":{"loc":{"start":{"line":54,"column":9},"end":{"line":54,"column":63}},"type":"binary-expr","locations":[{"start":{"line":54,"column":9},"end":{"line":54,"column":55}},{"start":{"line":54,"column":59},"end":{"line":54,"column":63}}],"line":54}},"s":{"0":3,"1":3,"2":8,"3":0,"4":8,"5":14,"6":3,"7":3,"8":7,"9":3,"10":8,"11":4,"12":4,"13":4,"14":3,"15":0,"16":0,"17":3},"f":{"0":8,"1":14,"2":3,"3":7,"4":8,"5":0,"6":0},"b":{"0":[0,8],"1":[7,3],"2":[4,4],"3":[8,8,8],"4":[0,0]},"_coverageSchema":"1a1c01bbd47fc00a2c39e90264f33305004495a9","hash":"2abcf60f231f348eae9ada877a797039cf1ec5bc"}
,"/home/runner/work/expressBookReviews/expressBookReviews/final_project/src/routes/authRoutes.js": {"path":"/home/runner/work/expressBookReviews/expressBookReviews/final_project/src/routes/authRoutes.js","statementMap":{"0":{"start":{"line":6,"column":16},"end":{"line":6,"column":34}},"1":{"start":{"line":7,"column":28},"end":{"line":7,"column":68}},"2":{"start":{"line":8,"column":58},"end":{"line":8,"column":101}},"3":{"start":{"line":10,"column":15},"end":{"line":10,"column":31}},"4":{"start":{"line":16,"column":0},"end":{"line":16,"column":29}},"5":{"start":{"line":22,"column":0},"end":{"line":22,"column":59}},"6":{"start":{"line":28,"column":0},"end":{"line":28,"column":57}},"7":{"start":{"line":30,"column":0},"end":{"line":30,"column":24}}},"fnMap":{},"branchMap":{},"s":{"0":3,"1":3,"2":3,"3":3,"4":3,"5":3,"6":3,"7":3},"f":{},"b":{},"_coverageSchema":"1a1c01bbd47fc00a2c39e90264f33305004495a9","hash":"c60b3ac8cedd912042d4c6a56442cc5a66f70bfd"}
,"/home/runner/work/expressBookReviews/expressBookReviews/final_project/src/routes/publicRoutes.js": {"path":"/home/runner/work/expressBookReviews/expressBookReviews/final_project/src/routes/publicRoutes.js","statementMap":{"0":{"start":{"line":6,"column":16},"end":{"line":6,"column":34}},"1":{"start":{"line":7,"column":21},"end":{"line":7,"column":61}},"2":{"start":{"line":13,"column":4},"end":{"line":13,"column":45}},"3":{"start":{"line":15,"column":15},"end":{"line":15,"column":31}},"4":{"start":{"line":21,"column":0},"end":{"line":21,"column":35}},"5":{"start":{"line":27,"column":0},"end":{"line":27,"column":36}},"6":{"start":{"line":33,"column":0},"end":{"line":33,"column":48}},"7":{"start":{"line":39,"column":0},"end":{"line":39,"column":55}},"8":{"start":{"line":45,"column":0},"end":{"line":45,"column":52}},"9":{"start":{"line":47,"column":0},"end":{"line":47,"column":24}}},"fnMap":{},"branchMap":{},"s":{"0":3,"1":3,"2":3,"3":3,"4":3,"5":3,"6":3,"7":3,"8":3,"9":3},"f":{},"b":{},"_coverageSchema":"1a1c01bbd47fc00a2c39e90264f33305004495a9","hash":"7a906dad41711fd36b1bb4e367bdc952f50b7d7c"}
}
