TN:
SF:src/app.js
FN:33,(anonymous_0)
FNF:1
FNH:0
FNDA:0,(anonymous_0)
DA:6,3
DA:7,3
DA:8,3
DA:9,3
DA:10,3
DA:11,3
DA:13,3
DA:16,3
DA:19,3
DA:26,3
DA:29,3
DA:30,3
DA:33,3
DA:34,0
DA:35,0
DA:40,3
LF:16
LH:14
BRDA:35,0,0,0
BRDA:35,0,1,0
BRDA:36,1,0,0
BRDA:36,1,1,0
BRF:4
BRH:0
end_of_record
TN:
SF:src/config/constants.js
FNF:0
FNH:0
DA:5,3
LF:1
LH:1
BRDA:7,0,0,3
BRDA:7,0,1,3
BRDA:10,1,0,3
BRDA:10,1,1,3
BRDA:14,2,0,3
BRDA:14,2,1,3
BRF:6
BRH:6
end_of_record
TN:
SF:src/controllers/authController.js
FN:15,(anonymous_0)
FN:50,(anonymous_1)
FNF:2
FNH:2
FNDA:10,(anonymous_0)
FNDA:5,(anonymous_1)
DA:6,3
DA:7,3
DA:8,3
DA:15,3
DA:16,10
DA:17,10
DA:20,10
DA:21,2
DA:27,8
DA:29,8
DA:30,4
DA:35,4
DA:39,0
DA:50,3
DA:51,5
DA:52,5
DA:55,5
DA:56,2
DA:62,3
DA:63,1
DA:69,2
DA:76,2
DA:78,2
DA:84,0
DA:90,3
LF:25
LH:23
BRDA:17,0,0,10
BRDA:17,0,1,0
BRDA:20,1,0,2
BRDA:20,1,1,8
BRDA:20,2,0,10
BRDA:20,2,1,9
BRDA:29,3,0,4
BRDA:29,3,1,4
BRDA:52,4,0,5
BRDA:52,4,1,0
BRDA:55,5,0,2
BRDA:55,5,1,3
BRDA:55,6,0,5
BRDA:55,6,1,4
BRDA:62,7,0,1
BRDA:62,7,1,2
BRF:16
BRH:14
end_of_record
TN:
SF:src/controllers/booksController.js
FN:14,(anonymous_0)
FN:14,(anonymous_1)
FN:21,(anonymous_2)
FN:39,(anonymous_3)
FN:66,(anonymous_4)
FN:87,(anonymous_5)
FNF:6
FNH:6
FNDA:7,(anonymous_0)
FNDA:7,(anonymous_1)
FNDA:1,(anonymous_2)
FNDA:2,(anonymous_3)
FNDA:2,(anonymous_4)
FNDA:2,(anonymous_5)
DA:11,3
DA:14,7
DA:21,3
DA:22,1
DA:24,1
DA:25,1
DA:26,1
DA:28,0
DA:39,3
DA:40,2
DA:41,2
DA:44,2
DA:45,2
DA:47,2
DA:48,1
DA:53,1
DA:55,0
DA:66,3
DA:67,2
DA:68,2
DA:71,2
DA:72,2
DA:74,2
DA:76,0
DA:87,3
DA:88,2
DA:89,2
DA:92,2
DA:93,2
DA:95,2
DA:97,0
DA:103,3
LF:32
LH:28
BRDA:14,0,0,7
BRDA:29,1,0,0
BRDA:29,1,1,0
BRDA:47,2,0,1
BRDA:47,2,1,1
BRDA:56,3,0,0
BRDA:56,3,1,0
BRDA:77,4,0,0
BRDA:77,4,1,0
BRDA:98,5,0,0
BRDA:98,5,1,0
BRF:11
BRH:3
end_of_record
TN:
SF:src/controllers/reviewsController.js
FN:18,(anonymous_0)
FN:77,(anonymous_1)
FNF:2
FNH:2
FNDA:9,(anonymous_0)
FNDA:3,(anonymous_1)
DA:11,3
DA:18,3
DA:19,9
DA:20,9
DA:21,9
DA:24,9
DA:26,9
DA:27,0
DA:33,9
DA:34,1
DA:40,8
DA:41,8
DA:42,1
DA:48,7
DA:51,7
DA:53,7
DA:54,0
DA:59,7
DA:66,0
DA:77,3
DA:78,3
DA:79,3
DA:82,3
DA:84,3
DA:85,0
DA:91,3
DA:92,3
DA:93,1
DA:99,2
DA:100,1
DA:106,1
DA:108,1
DA:109,0
DA:114,1
DA:120,0
DA:126,3
LF:36
LH:30
BRDA:21,0,0,9
BRDA:21,0,1,9
BRDA:21,0,2,1
BRDA:26,1,0,0
BRDA:26,1,1,9
BRDA:33,2,0,1
BRDA:33,2,1,8
BRDA:41,3,0,1
BRDA:41,3,1,7
BRDA:53,4,0,0
BRDA:53,4,1,7
BRDA:60,5,0,3
BRDA:60,5,1,4
BRDA:84,6,0,0
BRDA:84,6,1,3
BRDA:92,7,0,1
BRDA:92,7,1,2
BRDA:99,8,0,1
BRDA:99,8,1,1
BRDA:108,9,0,0
BRDA:108,9,1,1
BRF:21
BRH:17
end_of_record
TN:
SF:src/middleware/authMiddleware.js
FN:15,(anonymous_0)
FN:28,(anonymous_1)
FNF:2
FNH:2
FNDA:14,(anonymous_0)
FNDA:12,(anonymous_1)
DA:6,3
DA:7,3
DA:15,3
DA:16,14
DA:18,14
DA:19,14
DA:21,14
DA:22,2
DA:28,12
DA:29,12
DA:30,0
DA:36,12
DA:37,12
DA:38,12
DA:41,0
DA:47,3
LF:16
LH:14
BRDA:18,0,0,14
BRDA:18,0,1,14
BRDA:19,1,0,14
BRDA:19,1,1,12
BRDA:21,2,0,2
BRDA:21,2,1,12
BRDA:29,3,0,0
BRDA:29,3,1,12
BRF:8
BRH:7
end_of_record
TN:
SF:src/models/booksModel.js
FN:64,(anonymous_0)
FN:73,(anonymous_1)
FN:82,(anonymous_2)
FN:85,(anonymous_3)
FN:86,(anonymous_4)
FN:94,(anonymous_5)
FN:97,(anonymous_6)
FN:98,(anonymous_7)
FN:108,(anonymous_8)
FN:128,(anonymous_9)
FN:144,(anonymous_10)
FNF:11
FNH:11
FNDA:1,(anonymous_0)
FNDA:13,(anonymous_1)
FNDA:2,(anonymous_2)
FNDA:20,(anonymous_3)
FNDA:20,(anonymous_4)
FNDA:2,(anonymous_5)
FNDA:20,(anonymous_6)
FNDA:20,(anonymous_7)
FNDA:7,(anonymous_8)
FNDA:1,(anonymous_9)
FNDA:9,(anonymous_10)
DA:7,3
DA:64,3
DA:65,1
DA:73,3
DA:74,13
DA:82,3
DA:83,2
DA:84,2
DA:85,20
DA:86,20
DA:94,3
DA:95,2
DA:96,2
DA:97,20
DA:98,20
DA:108,3
DA:109,7
DA:110,7
DA:111,0
DA:114,7
DA:115,0
DA:118,7
DA:119,7
DA:128,3
DA:129,1
DA:130,1
DA:131,0
DA:134,1
DA:135,1
DA:144,3
DA:145,9
DA:146,9
DA:149,3
LF:33
LH:30
BRDA:74,0,0,13
BRDA:74,0,1,3
BRDA:83,1,0,2
BRDA:83,1,1,0
BRDA:86,2,0,20
BRDA:86,2,1,0
BRDA:95,3,0,2
BRDA:95,3,1,0
BRDA:98,4,0,20
BRDA:98,4,1,0
BRDA:110,5,0,0
BRDA:110,5,1,7
BRDA:114,6,0,0
BRDA:114,6,1,7
BRDA:130,7,0,0
BRDA:130,7,1,1
BRDA:130,8,0,1
BRDA:130,8,1,1
BRDA:130,8,2,1
BRDA:146,9,0,9
BRDA:146,9,1,9
BRDA:146,9,2,9
BRF:22
BRH:15
end_of_record
TN:
SF:src/models/usersModel.js
FN:15,(anonymous_0)
FN:19,(anonymous_1)
FN:28,(anonymous_2)
FN:29,(anonymous_3)
FN:38,(anonymous_4)
FN:53,(anonymous_5)
FN:54,(anonymous_6)
FNF:7
FNH:5
FNDA:8,(anonymous_0)
FNDA:14,(anonymous_1)
FNDA:3,(anonymous_2)
FNDA:7,(anonymous_3)
FNDA:8,(anonymous_4)
FNDA:0,(anonymous_5)
FNDA:0,(anonymous_6)
DA:8,3
DA:15,3
DA:16,8
DA:17,0
DA:19,14
DA:28,3
DA:29,7
DA:38,3
DA:39,8
DA:40,4
DA:44,4
DA:45,4
DA:53,3
DA:54,0
DA:57,3
LF:15
LH:13
BRDA:16,0,0,0
BRDA:16,0,1,8
BRDA:29,1,0,7
BRDA:29,1,1,3
BRDA:39,2,0,4
BRDA:39,2,1,4
BRDA:39,3,0,8
BRDA:39,3,1,8
BRDA:39,3,2,8
BRDA:54,4,0,0
BRDA:54,4,1,0
BRF:11
BRH:8
end_of_record
TN:
SF:src/routes/authRoutes.js
FNF:0
FNH:0
DA:6,3
DA:7,3
DA:8,3
DA:10,3
DA:16,3
DA:22,3
DA:28,3
DA:30,3
LF:8
LH:8
BRF:0
BRH:0
end_of_record
TN:
SF:src/routes/publicRoutes.js
FNF:0
FNH:0
DA:6,3
DA:7,3
DA:13,3
DA:15,3
DA:21,3
DA:27,3
DA:33,3
DA:39,3
DA:45,3
DA:47,3
LF:10
LH:10
BRF:0
BRH:0
end_of_record
